<?xml version="1.0" encoding="UTF-8"?>
<!-- Generated by org.testng.reporters.JUnitReportReporter -->
<testsuite hostname="Sibi-QA" name="com.wbl.test.LoginPageTest" tests="3" failures="0" timestamp="14 Dec 2016 09:00:23 GMT" time="5.106" errors="0">
  <testcase name="testLoginButton" time="2.066" classname="com.wbl.test.LoginPageTest"/>
  <testcase name="testLoginButton" time="1.910" classname="com.wbl.test.LoginPageTest"/>
  <testcase name="testLoginButton" time="1.130" classname="com.wbl.test.LoginPageTest"/>
</testsuite> <!-- com.wbl.test.LoginPageTest -->
