<?xml version="1.0" encoding="UTF-8"?>
<!-- Generated by org.testng.reporters.JUnitReportReporter -->
<testsuite hostname="BRAHMA" name="com.wbl.test.LoginPageTest" tests="1" failures="0" timestamp="7 Dec 2016 22:34:34 GMT" time="1.023" errors="0">
  <testcase name="testLoginButton" time="1.023" classname="com.wbl.test.LoginPageTest"/>
</testsuite> <!-- com.wbl.test.LoginPageTest -->
